# JRE version: Java(TM) SE Runtime Environment (8.0_102-b14) (build 1.8.0_102-b14)
# Java VM: Java HotSpot(TM) 64-Bit Server VM (25.102-b14 mixed mode windows-amd64 compressed oops)
Heap:
 PSYoungGen      total 31744K, used 4996K [0x00000000ed580000, 0x00000000ef680000, 0x0000000100000000)
  eden space 29696K, 16% used [0x00000000ed580000,0x00000000eda61128,0x00000000ef280000)
  from space 2048K, 0% used [0x00000000ef480000,0x00000000ef480000,0x00000000ef680000)
  to   space 2048K, 0% used [0x00000000ef280000,0x00000000ef280000,0x00000000ef480000)
 ParOldGen       total 28672K, used 7271K [0x00000000c8000000, 0x00000000c9c00000, 0x00000000ed580000)
  object space 28672K, 25% used [0x00000000c8000000,0x00000000c8719f88,0x00000000c9c00000)
 Metaspace       used 20577K, capacity 21430K, committed 21552K, reserved 1067008K
  class space    used 2944K, capacity 3157K, committed 3200K, reserved 1048576K
GC Heap History (10 events):
Event: 1.154 GC heap before
{Heap before GC invocations=1 (full 0):
 PSYoungGen      total 16896K, used 14848K [0x00000000ed580000, 0x00000000ee800000, 0x0000000100000000)
  eden space 14848K, 100% used [0x00000000ed580000,0x00000000ee400000,0x00000000ee400000)
  from space 2048K, 0% used [0x00000000ee600000,0x00000000ee600000,0x00000000ee800000)
  to   space 2048K, 0% used [0x00000000ee400000,0x00000000ee400000,0x00000000ee600000)
 ParOldGen       total 38400K, used 0K [0x00000000c8000000, 0x00000000ca580000, 0x00000000ed580000)
  object space 38400K, 0% used [0x00000000c8000000,0x00000000c8000000,0x00000000ca580000)
 Metaspace       used 10354K, capacity 10674K, committed 10880K, reserved 1058816K
  class space    used 1226K, capacity 1322K, committed 1408K, reserved 1048576K
Event: 1.164 GC heap after
Heap after GC invocations=1 (full 0):
 PSYoungGen      total 16896K, used 2032K [0x00000000ed580000, 0x00000000ee800000, 0x0000000100000000)
  eden space 14848K, 0% used [0x00000000ed580000,0x00000000ed580000,0x00000000ee400000)
  from space 2048K, 99% used [0x00000000ee400000,0x00000000ee5fc030,0x00000000ee600000)
  to   space 2048K, 0% used [0x00000000ee600000,0x00000000ee600000,0x00000000ee800000)
 ParOldGen       total 38400K, used 1180K [0x00000000c8000000, 0x00000000ca580000, 0x00000000ed580000)
  object space 38400K, 3% used [0x00000000c8000000,0x00000000c81271c0,0x00000000ca580000)
 Metaspace       used 10354K, capacity 10674K, committed 10880K, reserved 1058816K
  class space    used 1226K, capacity 1322K, committed 1408K, reserved 1048576K
}
Event: 1.973 GC heap before
{Heap before GC invocations=2 (full 0):
 PSYoungGen      total 16896K, used 16880K [0x00000000ed580000, 0x00000000ee800000, 0x0000000100000000)
  eden space 14848K, 100% used [0x00000000ed580000,0x00000000ee400000,0x00000000ee400000)
  from space 2048K, 99% used [0x00000000ee400000,0x00000000ee5fc030,0x00000000ee600000)
  to   space 2048K, 0% used [0x00000000ee600000,0x00000000ee600000,0x00000000ee800000)
 ParOldGen       total 38400K, used 1180K [0x00000000c8000000, 0x00000000ca580000, 0x00000000ed580000)
  object space 38400K, 3% used [0x00000000c8000000,0x00000000c81271c0,0x00000000ca580000)
 Metaspace       used 15885K, capacity 16572K, committed 16768K, reserved 1062912K
  class space    used 2176K, capacity 2350K, committed 2432K, reserved 1048576K
Event: 1.983 GC heap after
Heap after GC invocations=2 (full 0):
 PSYoungGen      total 16896K, used 2016K [0x00000000ed580000, 0x00000000ef680000, 0x0000000100000000)
  eden space 14848K, 0% used [0x00000000ed580000,0x00000000ed580000,0x00000000ee400000)
  from space 2048K, 98% used [0x00000000ee600000,0x00000000ee7f8040,0x00000000ee800000)
  to   space 2048K, 0% used [0x00000000ee400000,0x00000000ee400000,0x00000000ee600000)
 ParOldGen       total 38400K, used 3711K [0x00000000c8000000, 0x00000000ca580000, 0x00000000ed580000)
  object space 38400K, 9% used [0x00000000c8000000,0x00000000c839ff68,0x00000000ca580000)
 Metaspace       used 15885K, capacity 16572K, committed 16768K, reserved 1062912K
  class space    used 2176K, capacity 2350K, committed 2432K, reserved 1048576K
}
Event: 2.791 GC heap before
{Heap before GC invocations=3 (full 0):
 PSYoungGen      total 16896K, used 16864K [0x00000000ed580000, 0x00000000ef680000, 0x0000000100000000)
  eden space 14848K, 100% used [0x00000000ed580000,0x00000000ee400000,0x00000000ee400000)
  from space 2048K, 98% used [0x00000000ee600000,0x00000000ee7f8040,0x00000000ee800000)
  to   space 2048K, 0% used [0x00000000ee400000,0x00000000ee400000,0x00000000ee600000)
 ParOldGen       total 38400K, used 3711K [0x00000000c8000000, 0x00000000ca580000, 0x00000000ed580000)
  object space 38400K, 9% used [0x00000000c8000000,0x00000000c839ff68,0x00000000ca580000)
 Metaspace       used 20184K, capacity 21036K, committed 21296K, reserved 1067008K
  class space    used 2882K, capacity 3088K, committed 3200K, reserved 1048576K
Event: 2.807 GC heap after
Heap after GC invocations=3 (full 0):
 PSYoungGen      total 16896K, used 2016K [0x00000000ed580000, 0x00000000ef680000, 0x0000000100000000)
  eden space 14848K, 0% used [0x00000000ed580000,0x00000000ed580000,0x00000000ee400000)
  from space 2048K, 98% used [0x00000000ee400000,0x00000000ee5f8020,0x00000000ee600000)
  to   space 2048K, 0% used [0x00000000ef480000,0x00000000ef480000,0x00000000ef680000)
 ParOldGen       total 38400K, used 5575K [0x00000000c8000000, 0x00000000ca580000, 0x00000000ed580000)
  object space 38400K, 14% used [0x00000000c8000000,0x00000000c8571e78,0x00000000ca580000)
 Metaspace       used 20184K, capacity 21036K, committed 21296K, reserved 1067008K
  class space    used 2882K, capacity 3088K, committed 3200K, reserved 1048576K
}
Event: 2.838 GC heap before
{Heap before GC invocations=4 (full 0):
 PSYoungGen      total 16896K, used 2458K [0x00000000ed580000, 0x00000000ef680000, 0x0000000100000000)
  eden space 14848K, 2% used [0x00000000ed580000,0x00000000ed5ee920,0x00000000ee400000)
  from space 2048K, 98% used [0x00000000ee400000,0x00000000ee5f8020,0x00000000ee600000)
  to   space 2048K, 0% used [0x00000000ef480000,0x00000000ef480000,0x00000000ef680000)
 ParOldGen       total 38400K, used 5575K [0x00000000c8000000, 0x00000000ca580000, 0x00000000ed580000)
  object space 38400K, 14% used [0x00000000c8000000,0x00000000c8571e78,0x00000000ca580000)
 Metaspace       used 20330K, capacity 21170K, committed 21296K, reserved 1067008K
  class space    used 2901K, capacity 3091K, committed 3200K, reserved 1048576K
Event: 2.853 GC heap after
Heap after GC invocations=4 (full 0):
 PSYoungGen      total 31744K, used 2016K [0x00000000ed580000, 0x00000000ef680000, 0x0000000100000000)
  eden space 29696K, 0% used [0x00000000ed580000,0x00000000ed580000,0x00000000ef280000)
  from space 2048K, 98% used [0x00000000ef480000,0x00000000ef678020,0x00000000ef680000)
  to   space 2048K, 0% used [0x00000000ef280000,0x00000000ef280000,0x00000000ef480000)
 ParOldGen       total 38400K, used 5631K [0x00000000c8000000, 0x00000000ca580000, 0x00000000ed580000)
  object space 38400K, 14% used [0x00000000c8000000,0x00000000c857fe78,0x00000000ca580000)
 Metaspace       used 20330K, capacity 21170K, committed 21296K, reserved 1067008K
  class space    used 2901K, capacity 3091K, committed 3200K, reserved 1048576K
}
Event: 2.853 GC heap before
{Heap before GC invocations=5 (full 1):
 PSYoungGen      total 31744K, used 2016K [0x00000000ed580000, 0x00000000ef680000, 0x0000000100000000)
  eden space 29696K, 0% used [0x00000000ed580000,0x00000000ed580000,0x00000000ef280000)
  from space 2048K, 98% used [0x00000000ef480000,0x00000000ef678020,0x00000000ef680000)
  to   space 2048K, 0% used [0x00000000ef280000,0x00000000ef280000,0x00000000ef480000)
 ParOldGen       total 38400K, used 5631K [0x00000000c8000000, 0x00000000ca580000, 0x00000000ed580000)
  object space 38400K, 14% used [0x00000000c8000000,0x00000000c857fe78,0x00000000ca580000)
 Metaspace       used 20330K, capacity 21170K, committed 21296K, reserved 1067008K
  class space    used 2901K, capacity 3091K, committed 3200K, reserved 1048576K
Event: 2.929 GC heap after
Heap after GC invocations=5 (full 1):
 PSYoungGen      total 31744K, used 0K [0x00000000ed580000, 0x00000000ef680000, 0x0000000100000000)
  eden space 29696K, 0% used [0x00000000ed580000,0x00000000ed580000,0x00000000ef280000)
  from space 2048K, 0% used [0x00000000ef480000,0x00000000ef480000,0x00000000ef680000)
  to   space 2048K, 0% used [0x00000000ef280000,0x00000000ef280000,0x00000000ef480000)
 ParOldGen       total 28672K, used 7271K [0x00000000c8000000, 0x00000000c9c00000, 0x00000000ed580000)
  object space 28672K, 25% used [0x00000000c8000000,0x00000000c8719f88,0x00000000c9c00000)
 Metaspace       used 20330K, capacity 21170K, committed 21296K, reserved 1067008K
  class space    used 2901K, capacity 3091K, committed 3200K, reserved 1048576K
}

