# JRE version: Java(TM) SE Runtime Environment (8.0_131-b11) (build 1.8.0_131-b11)
# Java VM: Java HotSpot(TM) 64-Bit Server VM (25.131-b11 mixed mode windows-amd64 compressed oops)
Heap:
 PSYoungGen      total 24064K, used 17913K [0x00000000e5f80000, 0x00000000e8e80000, 0x0000000100000000)
  eden space 20992K, 70% used [0x00000000e5f80000,0x00000000e6e024c8,0x00000000e7400000)
  from space 3072K, 99% used [0x00000000e7700000,0x00000000e79fc010,0x00000000e7a00000)
  to   space 3072K, 0% used [0x00000000e7400000,0x00000000e7400000,0x00000000e7700000)
 ParOldGen       total 54784K, used 3390K [0x00000000b1e00000, 0x00000000b5380000, 0x00000000e5f80000)
  object space 54784K, 6% used [0x00000000b1e00000,0x00000000b214fbf8,0x00000000b5380000)
 Metaspace       used 20322K, capacity 21118K, committed 21296K, reserved 1067008K
  class space    used 2910K, capacity 3095K, committed 3200K, reserved 1048576K
GC Heap History (4 events):
Event: 0.608 GC heap before
{Heap before GC invocations=1 (full 0):
 PSYoungGen      total 24064K, used 20982K [0x00000000e5f80000, 0x00000000e7a00000, 0x0000000100000000)
  eden space 20992K, 99% used [0x00000000e5f80000,0x00000000e73fdb38,0x00000000e7400000)
  from space 3072K, 0% used [0x00000000e7700000,0x00000000e7700000,0x00000000e7a00000)
  to   space 3072K, 0% used [0x00000000e7400000,0x00000000e7400000,0x00000000e7700000)
 ParOldGen       total 54784K, used 0K [0x00000000b1e00000, 0x00000000b5380000, 0x00000000e5f80000)
  object space 54784K, 0% used [0x00000000b1e00000,0x00000000b1e00000,0x00000000b5380000)
 Metaspace       used 12471K, capacity 12834K, committed 13056K, reserved 1060864K
  class space    used 1565K, capacity 1695K, committed 1792K, reserved 1048576K
Event: 0.614 GC heap after
Heap after GC invocations=1 (full 0):
 PSYoungGen      total 24064K, used 3071K [0x00000000e5f80000, 0x00000000e7a00000, 0x0000000100000000)
  eden space 20992K, 0% used [0x00000000e5f80000,0x00000000e5f80000,0x00000000e7400000)
  from space 3072K, 99% used [0x00000000e7400000,0x00000000e76ffc30,0x00000000e7700000)
  to   space 3072K, 0% used [0x00000000e7700000,0x00000000e7700000,0x00000000e7a00000)
 ParOldGen       total 54784K, used 983K [0x00000000b1e00000, 0x00000000b5380000, 0x00000000e5f80000)
  object space 54784K, 1% used [0x00000000b1e00000,0x00000000b1ef5ca8,0x00000000b5380000)
 Metaspace       used 12471K, capacity 12834K, committed 13056K, reserved 1060864K
  class space    used 1565K, capacity 1695K, committed 1792K, reserved 1048576K
}
Event: 1.169 GC heap before
{Heap before GC invocations=2 (full 0):
 PSYoungGen      total 24064K, used 24063K [0x00000000e5f80000, 0x00000000e7a00000, 0x0000000100000000)
  eden space 20992K, 100% used [0x00000000e5f80000,0x00000000e7400000,0x00000000e7400000)
  from space 3072K, 99% used [0x00000000e7400000,0x00000000e76ffc30,0x00000000e7700000)
  to   space 3072K, 0% used [0x00000000e7700000,0x00000000e7700000,0x00000000e7a00000)
 ParOldGen       total 54784K, used 983K [0x00000000b1e00000, 0x00000000b5380000, 0x00000000e5f80000)
  object space 54784K, 1% used [0x00000000b1e00000,0x00000000b1ef5ca8,0x00000000b5380000)
 Metaspace       used 19375K, capacity 20242K, committed 20480K, reserved 1067008K
  class space    used 2796K, capacity 2979K, committed 3072K, reserved 1048576K
Event: 1.176 GC heap after
Heap after GC invocations=2 (full 0):
 PSYoungGen      total 24064K, used 3056K [0x00000000e5f80000, 0x00000000e8e80000, 0x0000000100000000)
  eden space 20992K, 0% used [0x00000000e5f80000,0x00000000e5f80000,0x00000000e7400000)
  from space 3072K, 99% used [0x00000000e7700000,0x00000000e79fc010,0x00000000e7a00000)
  to   space 3072K, 0% used [0x00000000e7400000,0x00000000e7400000,0x00000000e7700000)
 ParOldGen       total 54784K, used 3390K [0x00000000b1e00000, 0x00000000b5380000, 0x00000000e5f80000)
  object space 54784K, 6% used [0x00000000b1e00000,0x00000000b214fbf8,0x00000000b5380000)
 Metaspace       used 19375K, capacity 20242K, committed 20480K, reserved 1067008K
  class space    used 2796K, capacity 2979K, committed 3072K, reserved 1048576K
}

